# JRE version: Java(TM) SE Runtime Environment (8.0_181-b13) (build 1.8.0_181-b13)
# Java VM: Java HotSpot(TM) 64-Bit Server VM (25.181-b13 mixed mode linux-amd64 compressed oops)
Heap:
 PSYoungGen      total 35840K, used 29970K [0x00000000d8000000, 0x00000000dc600000, 0x0000000100000000)
  eden space 30720K, 97% used [0x00000000d8000000,0x00000000d9d44b70,0x00000000d9e00000)
  from space 5120K, 0% used [0x00000000dc100000,0x00000000dc100000,0x00000000dc600000)
  to   space 5120K, 0% used [0x00000000d9e00000,0x00000000d9e00000,0x00000000da300000)
 ParOldGen       total 55296K, used 7417K [0x0000000088000000, 0x000000008b600000, 0x00000000d8000000)
  object space 55296K, 13% used [0x0000000088000000,0x000000008873e6f0,0x000000008b600000)
 Metaspace       used 23558K, capacity 23858K, committed 24192K, reserved 1071104K
  class space    used 2814K, capacity 2913K, committed 2944K, reserved 1048576K
GC Heap History (10 events):
Event: 1.004 GC heap before
{Heap before GC invocations=1 (full 0):
 PSYoungGen      total 35840K, used 30720K [0x00000000d8000000, 0x00000000da800000, 0x0000000100000000)
  eden space 30720K, 100% used [0x00000000d8000000,0x00000000d9e00000,0x00000000d9e00000)
  from space 5120K, 0% used [0x00000000da300000,0x00000000da300000,0x00000000da800000)
  to   space 5120K, 0% used [0x00000000d9e00000,0x00000000d9e00000,0x00000000da300000)
 ParOldGen       total 81920K, used 0K [0x0000000088000000, 0x000000008d000000, 0x00000000d8000000)
  object space 81920K, 0% used [0x0000000088000000,0x0000000088000000,0x000000008d000000)
 Metaspace       used 8306K, capacity 8400K, committed 8448K, reserved 1056768K
  class space    used 967K, capacity 1008K, committed 1024K, reserved 1048576K
Event: 1.012 GC heap after
Heap after GC invocations=1 (full 0):
 PSYoungGen      total 35840K, used 4475K [0x00000000d8000000, 0x00000000da800000, 0x0000000100000000)
  eden space 30720K, 0% used [0x00000000d8000000,0x00000000d8000000,0x00000000d9e00000)
  from space 5120K, 87% used [0x00000000d9e00000,0x00000000da25eee0,0x00000000da300000)
  to   space 5120K, 0% used [0x00000000da300000,0x00000000da300000,0x00000000da800000)
 ParOldGen       total 81920K, used 8K [0x0000000088000000, 0x000000008d000000, 0x00000000d8000000)
  object space 81920K, 0% used [0x0000000088000000,0x0000000088002000,0x000000008d000000)
 Metaspace       used 8306K, capacity 8400K, committed 8448K, reserved 1056768K
  class space    used 967K, capacity 1008K, committed 1024K, reserved 1048576K
}
Event: 1.773 GC heap before
{Heap before GC invocations=2 (full 0):
 PSYoungGen      total 35840K, used 35195K [0x00000000d8000000, 0x00000000da800000, 0x0000000100000000)
  eden space 30720K, 100% used [0x00000000d8000000,0x00000000d9e00000,0x00000000d9e00000)
  from space 5120K, 87% used [0x00000000d9e00000,0x00000000da25eee0,0x00000000da300000)
  to   space 5120K, 0% used [0x00000000da300000,0x00000000da300000,0x00000000da800000)
 ParOldGen       total 81920K, used 8K [0x0000000088000000, 0x000000008d000000, 0x00000000d8000000)
  object space 81920K, 0% used [0x0000000088000000,0x0000000088002000,0x000000008d000000)
 Metaspace       used 13216K, capacity 13318K, committed 13440K, reserved 1060864K
  class space    used 1560K, capacity 1596K, committed 1664K, reserved 1048576K
Event: 1.779 GC heap after
Heap after GC invocations=2 (full 0):
 PSYoungGen      total 35840K, used 5118K [0x00000000d8000000, 0x00000000da800000, 0x0000000100000000)
  eden space 30720K, 0% used [0x00000000d8000000,0x00000000d8000000,0x00000000d9e00000)
  from space 5120K, 99% used [0x00000000da300000,0x00000000da7ff8c0,0x00000000da800000)
  to   space 5120K, 0% used [0x00000000d9e00000,0x00000000d9e00000,0x00000000da300000)
 ParOldGen       total 81920K, used 663K [0x0000000088000000, 0x000000008d000000, 0x00000000d8000000)
  object space 81920K, 0% used [0x0000000088000000,0x00000000880a5cb0,0x000000008d000000)
 Metaspace       used 13216K, capacity 13318K, committed 13440K, reserved 1060864K
  class space    used 1560K, capacity 1596K, committed 1664K, reserved 1048576K
}
Event: 2.179 GC heap before
{Heap before GC invocations=3 (full 0):
 PSYoungGen      total 35840K, used 35819K [0x00000000d8000000, 0x00000000da800000, 0x0000000100000000)
  eden space 30720K, 99% used [0x00000000d8000000,0x00000000d9dfb710,0x00000000d9e00000)
  from space 5120K, 99% used [0x00000000da300000,0x00000000da7ff8c0,0x00000000da800000)
  to   space 5120K, 0% used [0x00000000d9e00000,0x00000000d9e00000,0x00000000da300000)
 ParOldGen       total 81920K, used 663K [0x0000000088000000, 0x000000008d000000, 0x00000000d8000000)
  object space 81920K, 0% used [0x0000000088000000,0x00000000880a5cb0,0x000000008d000000)
 Metaspace       used 17063K, capacity 17190K, committed 17536K, reserved 1064960K
  class space    used 2057K, capacity 2076K, committed 2176K, reserved 1048576K
Event: 2.185 GC heap after
Heap after GC invocations=3 (full 0):
 PSYoungGen      total 35840K, used 5116K [0x00000000d8000000, 0x00000000dc600000, 0x0000000100000000)
  eden space 30720K, 0% used [0x00000000d8000000,0x00000000d8000000,0x00000000d9e00000)
  from space 5120K, 99% used [0x00000000d9e00000,0x00000000da2ff158,0x00000000da300000)
  to   space 5120K, 0% used [0x00000000dc100000,0x00000000dc100000,0x00000000dc600000)
 ParOldGen       total 81920K, used 2979K [0x0000000088000000, 0x000000008d000000, 0x00000000d8000000)
  object space 81920K, 3% used [0x0000000088000000,0x00000000882e8f60,0x000000008d000000)
 Metaspace       used 17063K, capacity 17190K, committed 17536K, reserved 1064960K
  class space    used 2057K, capacity 2076K, committed 2176K, reserved 1048576K
}
Event: 3.803 GC heap before
{Heap before GC invocations=4 (full 0):
 PSYoungGen      total 35840K, used 28287K [0x00000000d8000000, 0x00000000dc600000, 0x0000000100000000)
  eden space 30720K, 75% used [0x00000000d8000000,0x00000000d96a0cc0,0x00000000d9e00000)
  from space 5120K, 99% used [0x00000000d9e00000,0x00000000da2ff158,0x00000000da300000)
  to   space 5120K, 0% used [0x00000000dc100000,0x00000000dc100000,0x00000000dc600000)
 ParOldGen       total 81920K, used 2979K [0x0000000088000000, 0x000000008d000000, 0x00000000d8000000)
  object space 81920K, 3% used [0x0000000088000000,0x00000000882e8f60,0x000000008d000000)
 Metaspace       used 20819K, capacity 21042K, committed 21296K, reserved 1069056K
  class space    used 2514K, capacity 2609K, committed 2688K, reserved 1048576K
Event: 3.810 GC heap after
Heap after GC invocations=4 (full 0):
 PSYoungGen      total 35840K, used 5104K [0x00000000d8000000, 0x00000000dc600000, 0x0000000100000000)
  eden space 30720K, 0% used [0x00000000d8000000,0x00000000d8000000,0x00000000d9e00000)
  from space 5120K, 99% used [0x00000000dc100000,0x00000000dc5fc090,0x00000000dc600000)
  to   space 5120K, 0% used [0x00000000d9e00000,0x00000000d9e00000,0x00000000da300000)
 ParOldGen       total 81920K, used 5471K [0x0000000088000000, 0x000000008d000000, 0x00000000d8000000)
  object space 81920K, 6% used [0x0000000088000000,0x0000000088557ca8,0x000000008d000000)
 Metaspace       used 20819K, capacity 21042K, committed 21296K, reserved 1069056K
  class space    used 2514K, capacity 2609K, committed 2688K, reserved 1048576K
}
Event: 3.810 GC heap before
{Heap before GC invocations=5 (full 1):
 PSYoungGen      total 35840K, used 5104K [0x00000000d8000000, 0x00000000dc600000, 0x0000000100000000)
  eden space 30720K, 0% used [0x00000000d8000000,0x00000000d8000000,0x00000000d9e00000)
  from space 5120K, 99% used [0x00000000dc100000,0x00000000dc5fc090,0x00000000dc600000)
  to   space 5120K, 0% used [0x00000000d9e00000,0x00000000d9e00000,0x00000000da300000)
 ParOldGen       total 81920K, used 5471K [0x0000000088000000, 0x000000008d000000, 0x00000000d8000000)
  object space 81920K, 6% used [0x0000000088000000,0x0000000088557ca8,0x000000008d000000)
 Metaspace       used 20819K, capacity 21042K, committed 21296K, reserved 1069056K
  class space    used 2514K, capacity 2609K, committed 2688K, reserved 1048576K
Event: 3.834 GC heap after
Heap after GC invocations=5 (full 1):
 PSYoungGen      total 35840K, used 0K [0x00000000d8000000, 0x00000000dc600000, 0x0000000100000000)
  eden space 30720K, 0% used [0x00000000d8000000,0x00000000d8000000,0x00000000d9e00000)
  from space 5120K, 0% used [0x00000000dc100000,0x00000000dc100000,0x00000000dc600000)
  to   space 5120K, 0% used [0x00000000d9e00000,0x00000000d9e00000,0x00000000da300000)
 ParOldGen       total 55296K, used 7417K [0x0000000088000000, 0x000000008b600000, 0x00000000d8000000)
  object space 55296K, 13% used [0x0000000088000000,0x000000008873e6f0,0x000000008b600000)
 Metaspace       used 20819K, capacity 21042K, committed 21296K, reserved 1069056K
  class space    used 2514K, capacity 2609K, committed 2688K, reserved 1048576K
}

